[0m[[0m[0mdebug[0m] [0m[0m> Exec(run, Some(e942dc4a-34ed-4287-b57e-3f1709845623), Some(CommandSource(console0)))[0m
[0m[[0m[0mdebug[0m] [0m[0mEvaluating tasks: Compile / run[0m
[0m[[0m[0mdebug[0m] [0m[0mRunning task... Cancel: Signal, check cycles: false, forcegc: true[0m
[0m[[0m[0mdebug[0m] [0m[0mRunning task... Cancel: Signal, check cycles: false, forcegc: true[0m
[0m[[0m[0mdebug[0m] [0m[0mRunning task... Cancel: Signal, check cycles: false, forcegc: true[0m
[0m[[0m[0mdebug[0m] [0m[0mExporting web-assets:e-maintenance[0m
[0m[[0m[0mdebug[0m] [0m[0mRunning task... Cancel: Signal, check cycles: false, forcegc: true[0m
[0m[[0m[0mdebug[0m] [0m[0mRunning task... Cancel: Signal, check cycles: false, forcegc: true[0m
[0m[[0m[0minfo[0m] [0m[0mcompiling 5 Scala sources to C:\Users\hylam\Desktop\Projects\fyp\target\scala-2.13\classes ...[0m
[0m[[0m[0minfo[0m] [0m[0mcompiling 3 Scala sources and 1 Java source to C:\Users\hylam\Desktop\Projects\fyp\target\scala-2.13\classes ...[0m
[0m[[0m[0minfo[0m] [0m[0mcompiling 7 Scala sources to C:\Users\hylam\Desktop\Projects\fyp\target\scala-2.13\classes ...[0m
[0m[[0m[0mdebug[0m] [0m[0mRunning task... Cancel: Signal, check cycles: false, forcegc: true[0m
[0m[[0m[0mdebug[0m] [0m[0mExporting web-assets:e-maintenance[0m
[0m[[0m[0mdebug[0m] [0m[0mRunning task... Cancel: Signal, check cycles: false, forcegc: true[0m
[0m[[0m[0mdebug[0m] [0m[0mRunning task... Cancel: Signal, check cycles: false, forcegc: true[0m
[0m[[0m[0minfo[0m] [0m[0mcompiling 1 Scala source to C:\Users\hylam\Desktop\Projects\fyp\target\scala-2.13\classes ...[0m
[0m[[0m[31merror[0m] [0m[0mC:\Users\hylam\Desktop\Projects\fyp\app\controllers\Users.scala:94:50: value Redirect is not a member of Unit[0m
[0m[[0m[31merror[0m] [0m[0m        } else { println("else: " + form.errors) Redirect(routes.Users.create) }[0m
[0m[[0m[31merror[0m] [0m[0m                                                 ^[0m
[0m[[0m[31merror[0m] [0m[0mone error found[0m
[0m[[0m[31merror[0m] [0m[0m(Compile / [31mcompileIncremental[0m) Compilation failed[0m
[0m[[0m[0mdebug[0m] [0m[0mRunning task... Cancel: Signal, check cycles: false, forcegc: true[0m
[0m[[0m[0mdebug[0m] [0m[0mRunning task... Cancel: Signal, check cycles: false, forcegc: true[0m
[0m[[0m[0mdebug[0m] [0m[0mRunning task... Cancel: Signal, check cycles: false, forcegc: true[0m
[0m[[0m[0minfo[0m] [0m[0mcompiling 1 Scala source to C:\Users\hylam\Desktop\Projects\fyp\target\scala-2.13\classes ...[0m
[0m[[0m[0mdebug[0m] [0m[0mRunning task... Cancel: Signal, check cycles: false, forcegc: true[0m
[0m[[0m[0mdebug[0m] [0m[0mExporting web-assets:e-maintenance[0m
[0m[[0m[0mdebug[0m] [0m[0mRunning task... Cancel: Signal, check cycles: false, forcegc: true[0m
[0m[[0m[0mdebug[0m] [0m[0mRunning task... Cancel: Signal, check cycles: false, forcegc: true[0m
[0m[[0m[0minfo[0m] [0m[0mcompiling 1 Scala source to C:\Users\hylam\Desktop\Projects\fyp\target\scala-2.13\classes ...[0m
[0m[[0m[0mdebug[0m] [0m[0mRunning task... Cancel: Signal, check cycles: false, forcegc: true[0m
[0m[[0m[0mdebug[0m] [0m[0mExporting web-assets:e-maintenance[0m
[0m[[0m[0mdebug[0m] [0m[0mRunning task... Cancel: Signal, check cycles: false, forcegc: true[0m
[0m[[0m[0mdebug[0m] [0m[0mRunning task... Cancel: Signal, check cycles: false, forcegc: true[0m
[0m[[0m[0minfo[0m] [0m[0mcompiling 1 Scala source to C:\Users\hylam\Desktop\Projects\fyp\target\scala-2.13\classes ...[0m
[0m[[0m[31merror[0m] [0m[0mC:\Users\hylam\Desktop\Projects\fyp\app\views\users\detail.scala.html:87:51: value ofPattern is not a member of java.util.Date[0m
[0m[[0m[31merror[0m] [0m[0m                                <td>@user.created.ofPattern("MMM dd, yyyy h:mm a")</td>[0m
[0m[[0m[31merror[0m] [0m[0m                                                  ^[0m
[0m[[0m[31merror[0m] [0m[0mC:\Users\hylam\Desktop\Projects\fyp\app\views\users\detail.scala.html:91:52: value ofPattern is not a member of java.util.Date[0m
[0m[[0m[31merror[0m] [0m[0m                                <td>@user.modified.ofPattern("MMM dd, yyyy h:mm a")</td>[0m
[0m[[0m[31merror[0m] [0m[0m                                                   ^[0m
[0m[[0m[31merror[0m] [0m[0mtwo errors found[0m
[0m[[0m[0mdebug[0m] [0m[0mForcing garbage collection...[0m
[0m[[0m[31merror[0m] [0m[0m(Compile / [31mcompileIncremental[0m) Compilation failed[0m
[0m[[0m[0mdebug[0m] [0m[0mRunning task... Cancel: Signal, check cycles: false, forcegc: true[0m
[0m[[0m[0mdebug[0m] [0m[0mRunning task... Cancel: Signal, check cycles: false, forcegc: true[0m
[0m[[0m[0mdebug[0m] [0m[0mRunning task... Cancel: Signal, check cycles: false, forcegc: true[0m
[0m[[0m[0minfo[0m] [0m[0mcompiling 1 Scala source to C:\Users\hylam\Desktop\Projects\fyp\target\scala-2.13\classes ...[0m
[0m[[0m[31merror[0m] [0m[0mC:\Users\hylam\Desktop\Projects\fyp\app\views\users\detail.scala.html:87:51: value ofPattern is not a member of java.util.Date[0m
[0m[[0m[31merror[0m] [0m[0m                                <td>@user.created.ofPattern("MMM dd, yyyy h:mm a")</td>[0m
[0m[[0m[31merror[0m] [0m[0m                                                  ^[0m
[0m[[0m[31merror[0m] [0m[0mC:\Users\hylam\Desktop\Projects\fyp\app\views\users\detail.scala.html:91:52: value DateTimeFormatter is not a member of java.util.Date[0m
[0m[[0m[31merror[0m] [0m[0m                                <td>@user.modified.DateTimeFormatter.ofPattern("MMM dd, yyyy h:mm a")</td>[0m
[0m[[0m[31merror[0m] [0m[0m                                                   ^[0m
[0m[[0m[31merror[0m] [0m[0mtwo errors found[0m
[0m[[0m[31merror[0m] [0m[0m(Compile / [31mcompileIncremental[0m) Compilation failed[0m
[0m[[0m[0mdebug[0m] [0m[0mRunning task... Cancel: Signal, check cycles: false, forcegc: true[0m
[0m[[0m[0mdebug[0m] [0m[0mRunning task... Cancel: Signal, check cycles: false, forcegc: true[0m
[0m[[0m[0mdebug[0m] [0m[0mRunning task... Cancel: Signal, check cycles: false, forcegc: true[0m
[0m[[0m[0minfo[0m] [0m[0mcompiling 1 Scala source to C:\Users\hylam\Desktop\Projects\fyp\target\scala-2.13\classes ...[0m
[0m[[0m[31merror[0m] [0m[0mC:\Users\hylam\Desktop\Projects\fyp\app\views\users\detail.scala.html:87:51: value ofPattern is not a member of java.util.Date[0m
[0m[[0m[31merror[0m] [0m[0m                                <td>@user.created.ofPattern("MMM dd, yyyy h:mm a")</td>[0m
[0m[[0m[31merror[0m] [0m[0m                                                  ^[0m
[0m[[0m[31merror[0m] [0m[0mC:\Users\hylam\Desktop\Projects\fyp\app\views\users\detail.scala.html:91:52: value DateTimeFormatter is not a member of java.util.Date[0m
[0m[[0m[31merror[0m] [0m[0m                                <td>@user.modified.DateTimeFormatter.ofPattern("MMM dd, yyyy h:mm a")</td>[0m
[0m[[0m[31merror[0m] [0m[0m                                                   ^[0m
[0m[[0m[31merror[0m] [0m[0mtwo errors found[0m
[0m[[0m[31merror[0m] [0m[0m(Compile / [31mcompileIncremental[0m) Compilation failed[0m
[0m[[0m[0mdebug[0m] [0m[0mRunning task... Cancel: Signal, check cycles: false, forcegc: true[0m
[0m[[0m[0mdebug[0m] [0m[0mRunning task... Cancel: Signal, check cycles: false, forcegc: true[0m
[0m[[0m[0mdebug[0m] [0m[0mRunning task... Cancel: Signal, check cycles: false, forcegc: true[0m
[0m[[0m[0minfo[0m] [0m[0mcompiling 1 Scala source to C:\Users\hylam\Desktop\Projects\fyp\target\scala-2.13\classes ...[0m
[0m[[0m[31merror[0m] [0m[0mC:\Users\hylam\Desktop\Projects\fyp\app\views\users\detail.scala.html:87:51: value DateTimeFormatter is not a member of java.util.Date[0m
[0m[[0m[31merror[0m] [0m[0m                                <td>@user.created.DateTimeFormatter.ofPattern("MMM dd, yyyy h:mm a")</td>[0m
[0m[[0m[31merror[0m] [0m[0m                                                  ^[0m
[0m[[0m[31merror[0m] [0m[0mC:\Users\hylam\Desktop\Projects\fyp\app\views\users\detail.scala.html:91:52: value DateTimeFormatter is not a member of java.util.Date[0m
[0m[[0m[31merror[0m] [0m[0m                                <td>@user.modified.DateTimeFormatter.ofPattern("MMM dd, yyyy h:mm a")</td>[0m
[0m[[0m[31merror[0m] [0m[0m                                                   ^[0m
[0m[[0m[31merror[0m] [0m[0mtwo errors found[0m
[0m[[0m[31merror[0m] [0m[0m(Compile / [31mcompileIncremental[0m) Compilation failed[0m
[0m[[0m[0mdebug[0m] [0m[0mRunning task... Cancel: Signal, check cycles: false, forcegc: true[0m
[0m[[0m[0mdebug[0m] [0m[0mRunning task... Cancel: Signal, check cycles: false, forcegc: true[0m
[0m[[0m[0mdebug[0m] [0m[0mRunning task... Cancel: Signal, check cycles: false, forcegc: true[0m
[0m[[0m[0mdebug[0m] [0m[0mRunning task... Cancel: Signal, check cycles: false, forcegc: true[0m
[0m[[0m[0mdebug[0m] [0m[0mExporting web-assets:e-maintenance[0m
[0m[[0m[0mdebug[0m] [0m[0mRunning task... Cancel: Signal, check cycles: false, forcegc: true[0m
