[0m[[0m[0mdebug[0m] [0m[0m> Exec(run, Some(ad4cc461-cbac-440a-bf37-0f4e5c8c2fc7), Some(CommandSource(console0)))[0m
[0m[[0m[0mdebug[0m] [0m[0mEvaluating tasks: Compile / run[0m
[0m[[0m[0mdebug[0m] [0m[0mRunning task... Cancel: Signal, check cycles: false, forcegc: true[0m
[0m[[0m[0mdebug[0m] [0m[0mRunning task... Cancel: Signal, check cycles: false, forcegc: true[0m
[0m[[0m[0minfo[0m] [0m[0mcompiling 1 Scala source to C:\Users\hylam\Desktop\Projects\fyp\target\scala-2.13\classes ...[0m
[0m[[0m[0mdebug[0m] [0m[0mRunning task... Cancel: Signal, check cycles: false, forcegc: true[0m
[0m[[0m[0mdebug[0m] [0m[0mExporting web-assets:e-maintenance[0m
[0m[[0m[0mdebug[0m] [0m[0mRunning task... Cancel: Signal, check cycles: false, forcegc: true[0m
[0m[[0m[0mdebug[0m] [0m[0mRunning task... Cancel: Signal, check cycles: false, forcegc: true[0m
[0m[[0m[0minfo[0m] [0m[0mcompiling 1 Scala source to C:\Users\hylam\Desktop\Projects\fyp\target\scala-2.13\classes ...[0m
[0m[[0m[31merror[0m] [0m[0mC:\Users\hylam\Desktop\Projects\fyp\app\views\users\form.scala.html:1:1: not found: type UserForm[0m
[0m[[0m[31merror[0m] [0m[0m@(form: Form[UserForm], errors: Array[String], formType: String)(implicit flash: Flash, messages: Messages, request: models.RequestWithUser[_])[0m
[0m[[0m[31merror[0m] [0m[0m^[0m
[0m[[0m[31merror[0m] [0m[0mC:\Users\hylam\Desktop\Projects\fyp\app\views\users\form.scala.html:1:14: not found: type UserForm[0m
[0m[[0m[31merror[0m] [0m[0m@(form: Form[UserForm], errors: Array[String], formType: String)(implicit flash: Flash, messages: Messages, request: models.RequestWithUser[_])[0m
[0m[[0m[31merror[0m] [0m[0m             ^[0m
[0m[[0m[31merror[0m] [0m[0mC:\Users\hylam\Desktop\Projects\fyp\app\views\users\form.scala.html:39:17: not found: value role_value[0m
[0m[[0m[31merror[0m] [0m[0m            @if(role_value == 0){[0m
[0m[[0m[31merror[0m] [0m[0m                ^[0m
[0m[[0m[31merror[0m] [0m[0mC:\Users\hylam\Desktop\Projects\fyp\app\views\users\form.scala.html:80:3: not found: type UserForm[0m
[0m[[0m[31merror[0m] [0m[0m}[0m
[0m[[0m[31merror[0m] [0m[0m ^[0m
[0m[[0m[31merror[0m] [0m[0mfour errors found[0m
[0m[[0m[0mdebug[0m] [0m[0mForcing garbage collection...[0m
[0m[[0m[31merror[0m] [0m[0m(Compile / [31mcompileIncremental[0m) Compilation failed[0m
[0m[[0m[0mdebug[0m] [0m[0mRunning task... Cancel: Signal, check cycles: false, forcegc: true[0m
[0m[[0m[0mdebug[0m] [0m[0mRunning task... Cancel: Signal, check cycles: false, forcegc: true[0m
